<?xml version="1.0" encoding="UTF-8"?>
<robot generator="Robot 3.2.2 (Python 3.7.6 on win32)" generated="20210401 16:51:58.196" rpa="false">
<suite id="s1" name="Testing Saucedemo" source="C:\Internship\AutomationTesting\SauceDemo\testing_saucedemo">
<suite id="s1-s1" name="003 Valid Login" source="C:\Internship\AutomationTesting\SauceDemo\testing_saucedemo\003_valid_login.robot">
<test id="s1-s1-t1" name="Check Login for valid Crendential">
<kw name="Open Saucedemo Website" library="001_resource">
<kw name="Open Browser" library="SeleniumLibrary">
<doc>Opens a new browser instance to the optional ``url``.</doc>
<arguments>
<arg>${URL}</arg>
<arg>${BROWSER}</arg>
</arguments>
<msg timestamp="20210401 16:51:58.433" level="INFO">Opening browser 'chrome' to base url 'https://www.saucedemo.com/'.</msg>
<status status="PASS" starttime="20210401 16:51:58.433" endtime="20210401 16:52:03.825"></status>
</kw>
<kw name="Maximize Browser Window" library="SeleniumLibrary">
<doc>Maximizes current browser window.</doc>
<status status="PASS" starttime="20210401 16:52:03.825" endtime="20210401 16:52:03.953"></status>
</kw>
<status status="PASS" starttime="20210401 16:51:58.433" endtime="20210401 16:52:03.953"></status>
</kw>
<kw name="Input Username" library="001_resource">
<arguments>
<arg>${VALID_USERNAME}</arg>
</arguments>
<kw name="Input Text" library="SeleniumLibrary">
<doc>Types the given ``text`` into the text field identified by ``locator``.</doc>
<arguments>
<arg>//*[@id="user-name"]</arg>
<arg>${username}</arg>
</arguments>
<msg timestamp="20210401 16:52:03.955" level="INFO">Typing text 'standard_user' into text field '//*[@id="user-name"]'.</msg>
<status status="PASS" starttime="20210401 16:52:03.954" endtime="20210401 16:52:04.068"></status>
</kw>
<status status="PASS" starttime="20210401 16:52:03.954" endtime="20210401 16:52:04.069"></status>
</kw>
<kw name="Input Password" library="001_resource">
<arguments>
<arg>${VALID_PASSWORD}</arg>
</arguments>
<kw name="Input Text" library="SeleniumLibrary">
<doc>Types the given ``text`` into the text field identified by ``locator``.</doc>
<arguments>
<arg>//*[@id="password"]</arg>
<arg>${password}</arg>
</arguments>
<msg timestamp="20210401 16:52:04.070" level="INFO">Typing text 'secret_sauce' into text field '//*[@id="password"]'.</msg>
<status status="PASS" starttime="20210401 16:52:04.070" endtime="20210401 16:52:04.165"></status>
</kw>
<status status="PASS" starttime="20210401 16:52:04.069" endtime="20210401 16:52:04.165"></status>
</kw>
<kw name="Click Login Button" library="001_resource">
<kw name="Click Button" library="SeleniumLibrary">
<doc>Clicks the button identified by ``locator``.</doc>
<arguments>
<arg>//*[@id="login-button"]</arg>
</arguments>
<msg timestamp="20210401 16:52:04.166" level="INFO">Clicking button '//*[@id="login-button"]'.</msg>
<status status="PASS" starttime="20210401 16:52:04.166" endtime="20210401 16:52:04.265"></status>
</kw>
<status status="PASS" starttime="20210401 16:52:04.166" endtime="20210401 16:52:04.266"></status>
</kw>
<kw name="Inventory Page Should Be Open" library="001_resource">
<kw name="Location Should Be" library="SeleniumLibrary">
<doc>Verifies that the current URL is exactly ``url``.</doc>
<arguments>
<arg>${INVENTORY PAGE}</arg>
</arguments>
<msg timestamp="20210401 16:52:04.272" level="INFO">Current location is 'https://www.saucedemo.com/inventory.html'.</msg>
<status status="PASS" starttime="20210401 16:52:04.267" endtime="20210401 16:52:04.272"></status>
</kw>
<kw name="Element Should Be Visible" library="SeleniumLibrary">
<doc>Verifies that the element identified by ``locator`` is visible.</doc>
<arguments>
<arg>//*[@id="inventory_container"]/div/div[1]/div[1]</arg>
</arguments>
<msg timestamp="20210401 16:52:04.300" level="INFO">Element '//*[@id="inventory_container"]/div/div[1]/div[1]' is displayed.</msg>
<status status="PASS" starttime="20210401 16:52:04.272" endtime="20210401 16:52:04.300"></status>
</kw>
<status status="PASS" starttime="20210401 16:52:04.266" endtime="20210401 16:52:04.301"></status>
</kw>
<status status="PASS" starttime="20210401 16:51:58.432" endtime="20210401 16:52:04.301" critical="yes"></status>
</test>
<doc>verify login in saucedemo website</doc>
<status status="PASS" starttime="20210401 16:51:58.223" endtime="20210401 16:52:04.304"></status>
</suite>
<suite id="s1-s2" name="004 Order Item" source="C:\Internship\AutomationTesting\SauceDemo\testing_saucedemo\004_order_item.robot">
<test id="s1-s2-t1" name="Adding The Most Expensive item To Cart">
<kw name="Filter From Higher Price To Low" library="001_resource">
<kw name="Select From List By Value" library="SeleniumLibrary">
<doc>Selects options from selection list ``locator`` by ``values``.</doc>
<arguments>
<arg>//*[@id="header_container"]/div[2]/div[2]/span/select</arg>
<arg>hilo</arg>
</arguments>
<msg timestamp="20210401 16:52:04.321" level="INFO">Selecting options from selection list '//*[@id="header_container"]/div[2]/div[2]/span/select' by value hilo.</msg>
<status status="PASS" starttime="20210401 16:52:04.321" endtime="20210401 16:52:04.421"></status>
</kw>
<status status="PASS" starttime="20210401 16:52:04.321" endtime="20210401 16:52:04.421"></status>
</kw>
<kw name="Click Add To Cart Button" library="001_resource">
<kw name="Click Button" library="SeleniumLibrary">
<doc>Clicks the button identified by ``locator``.</doc>
<arguments>
<arg>//*[@id="add-to-cart-sauce-labs-fleece-jacket"]</arg>
</arguments>
<msg timestamp="20210401 16:52:04.423" level="INFO">Clicking button '//*[@id="add-to-cart-sauce-labs-fleece-jacket"]'.</msg>
<status status="PASS" starttime="20210401 16:52:04.423" endtime="20210401 16:52:04.479"></status>
</kw>
<status status="PASS" starttime="20210401 16:52:04.422" endtime="20210401 16:52:04.479"></status>
</kw>
<status status="PASS" starttime="20210401 16:52:04.320" endtime="20210401 16:52:04.480" critical="yes"></status>
</test>
<test id="s1-s2-t2" name="Checkout Cart">
<kw name="Click Cart Icon" library="001_resource">
<kw name="Click Element" library="SeleniumLibrary">
<doc>Click the element identified by ``locator``.</doc>
<arguments>
<arg>//*[@id="shopping_cart_container"]/a</arg>
</arguments>
<msg timestamp="20210401 16:52:04.482" level="INFO">Clicking element '//*[@id="shopping_cart_container"]/a'.</msg>
<status status="PASS" starttime="20210401 16:52:04.482" endtime="20210401 16:52:04.542"></status>
</kw>
<status status="PASS" starttime="20210401 16:52:04.481" endtime="20210401 16:52:04.542"></status>
</kw>
<kw name="Click Checkout Button" library="001_resource">
<kw name="Click Element" library="SeleniumLibrary">
<doc>Click the element identified by ``locator``.</doc>
<arguments>
<arg>//*[@id="checkout"]</arg>
</arguments>
<msg timestamp="20210401 16:52:04.544" level="INFO">Clicking element '//*[@id="checkout"]'.</msg>
<status status="PASS" starttime="20210401 16:52:04.544" endtime="20210401 16:52:04.607"></status>
</kw>
<status status="PASS" starttime="20210401 16:52:04.543" endtime="20210401 16:52:04.608"></status>
</kw>
<status status="PASS" starttime="20210401 16:52:04.481" endtime="20210401 16:52:04.609" critical="yes"></status>
</test>
<test id="s1-s2-t3" name="Input Valid Information">
<kw name="Input First Name" library="001_resource">
<arguments>
<arg>${FIRST NAME}</arg>
</arguments>
<kw name="Input Text" library="SeleniumLibrary">
<doc>Types the given ``text`` into the text field identified by ``locator``.</doc>
<arguments>
<arg>//*[@id="first-name"]</arg>
<arg>${first_name}</arg>
</arguments>
<msg timestamp="20210401 16:52:04.614" level="INFO">Typing text 'Stephen' into text field '//*[@id="first-name"]'.</msg>
<status status="PASS" starttime="20210401 16:52:04.613" endtime="20210401 16:52:04.716"></status>
</kw>
<status status="PASS" starttime="20210401 16:52:04.613" endtime="20210401 16:52:04.716"></status>
</kw>
<kw name="Input Last Name" library="001_resource">
<arguments>
<arg>${LAST NAME}</arg>
</arguments>
<kw name="Input Text" library="SeleniumLibrary">
<doc>Types the given ``text`` into the text field identified by ``locator``.</doc>
<arguments>
<arg>//*[@id="last-name"]</arg>
<arg>${last_name}</arg>
</arguments>
<msg timestamp="20210401 16:52:04.718" level="INFO">Typing text 'Sanjaya' into text field '//*[@id="last-name"]'.</msg>
<status status="PASS" starttime="20210401 16:52:04.717" endtime="20210401 16:52:04.821"></status>
</kw>
<status status="PASS" starttime="20210401 16:52:04.717" endtime="20210401 16:52:04.821"></status>
</kw>
<kw name="Input Postal Code Name" library="001_resource">
<arguments>
<arg>${POSTAL CODE}</arg>
</arguments>
<kw name="Input Text" library="SeleniumLibrary">
<doc>Types the given ``text`` into the text field identified by ``locator``.</doc>
<arguments>
<arg>//*[@id="postal-code"]</arg>
<arg>${postal_code}</arg>
</arguments>
<msg timestamp="20210401 16:52:04.822" level="INFO">Typing text '11270' into text field '//*[@id="postal-code"]'.</msg>
<status status="PASS" starttime="20210401 16:52:04.822" endtime="20210401 16:52:04.912"></status>
</kw>
<status status="PASS" starttime="20210401 16:52:04.821" endtime="20210401 16:52:04.913"></status>
</kw>
<kw name="Click Continue To Purchase item" library="001_resource">
<kw name="Click Button" library="SeleniumLibrary">
<doc>Clicks the button identified by ``locator``.</doc>
<arguments>
<arg>//*[@id="checkout_info_container"]/div/form/div[2]/input</arg>
</arguments>
<msg timestamp="20210401 16:52:04.914" level="INFO">Clicking button '//*[@id="checkout_info_container"]/div/form/div[2]/input'.</msg>
<status status="PASS" starttime="20210401 16:52:04.914" endtime="20210401 16:52:04.980"></status>
</kw>
<status status="PASS" starttime="20210401 16:52:04.913" endtime="20210401 16:52:04.980"></status>
</kw>
<kw name="CLick Finish Button" library="001_resource">
<kw name="Click Element" library="SeleniumLibrary">
<doc>Click the element identified by ``locator``.</doc>
<arguments>
<arg>//*[@id="finish"]</arg>
</arguments>
<msg timestamp="20210401 16:52:04.982" level="INFO">Clicking element '//*[@id="finish"]'.</msg>
<status status="PASS" starttime="20210401 16:52:04.982" endtime="20210401 16:52:05.034"></status>
</kw>
<status status="PASS" starttime="20210401 16:52:04.981" endtime="20210401 16:52:05.034"></status>
</kw>
<status status="PASS" starttime="20210401 16:52:04.612" endtime="20210401 16:52:05.035" critical="yes"></status>
</test>
<test id="s1-s2-t4" name="Verify If Checkout Success">
<kw name="Checkout Complete Page Should Be Open" library="001_resource">
<kw name="Location Should Be" library="SeleniumLibrary">
<doc>Verifies that the current URL is exactly ``url``.</doc>
<arguments>
<arg>https://www.saucedemo.com/checkout-complete.html</arg>
</arguments>
<msg timestamp="20210401 16:52:05.044" level="INFO">Current location is 'https://www.saucedemo.com/checkout-complete.html'.</msg>
<status status="PASS" starttime="20210401 16:52:05.039" endtime="20210401 16:52:05.045"></status>
</kw>
<status status="PASS" starttime="20210401 16:52:05.038" endtime="20210401 16:52:05.045"></status>
</kw>
<status status="PASS" starttime="20210401 16:52:05.038" endtime="20210401 16:52:05.045" critical="yes"></status>
</test>
<doc>Purchasing an item from inventory page</doc>
<status status="PASS" starttime="20210401 16:52:04.307" endtime="20210401 16:52:05.047"></status>
</suite>
<suite id="s1-s3" name="005 Logout" source="C:\Internship\AutomationTesting\SauceDemo\testing_saucedemo\005_logout.robot">
<test id="s1-s3-t1" name="Logout">
<kw name="Click Burger Menu" library="001_resource">
<kw name="Click Button" library="SeleniumLibrary">
<doc>Clicks the button identified by ``locator``.</doc>
<arguments>
<arg>//*[@id="react-burger-menu-btn"]</arg>
</arguments>
<msg timestamp="20210401 16:52:05.059" level="INFO">Clicking button '//*[@id="react-burger-menu-btn"]'.</msg>
<status status="PASS" starttime="20210401 16:52:05.059" endtime="20210401 16:52:05.118"></status>
</kw>
<kw name="Wait Until Element Is Visible" library="SeleniumLibrary">
<doc>Waits until the element ``locator`` is visible.</doc>
<arguments>
<arg>//*[@id="logout_sidebar_link"]</arg>
</arguments>
<status status="PASS" starttime="20210401 16:52:05.118" endtime="20210401 16:52:05.361"></status>
</kw>
<status status="PASS" starttime="20210401 16:52:05.059" endtime="20210401 16:52:05.361"></status>
</kw>
<kw name="Click Logout" library="001_resource">
<kw name="Click Element" library="SeleniumLibrary">
<doc>Click the element identified by ``locator``.</doc>
<arguments>
<arg>//*[@id="logout_sidebar_link"]</arg>
</arguments>
<msg timestamp="20210401 16:52:05.363" level="INFO">Clicking element '//*[@id="logout_sidebar_link"]'.</msg>
<status status="PASS" starttime="20210401 16:52:05.362" endtime="20210401 16:52:05.405"></status>
</kw>
<kw name="Location Should Be" library="SeleniumLibrary">
<doc>Verifies that the current URL is exactly ``url``.</doc>
<arguments>
<arg>${URL}</arg>
</arguments>
<msg timestamp="20210401 16:52:05.411" level="INFO">Current location is 'https://www.saucedemo.com/'.</msg>
<status status="PASS" starttime="20210401 16:52:05.405" endtime="20210401 16:52:05.411"></status>
</kw>
<status status="PASS" starttime="20210401 16:52:05.362" endtime="20210401 16:52:05.411"></status>
</kw>
<kw name="Close Browser" library="SeleniumLibrary">
<doc>Closes the current browser.</doc>
<status status="PASS" starttime="20210401 16:52:05.412" endtime="20210401 16:52:07.829"></status>
</kw>
<status status="PASS" starttime="20210401 16:52:05.058" endtime="20210401 16:52:07.829" critical="yes"></status>
</test>
<status status="PASS" starttime="20210401 16:52:05.051" endtime="20210401 16:52:07.831"></status>
</suite>
<status status="PASS" starttime="20210401 16:51:58.198" endtime="20210401 16:52:07.834"></status>
</suite>
<statistics>
<total>
<stat pass="6" fail="0">Critical Tests</stat>
<stat pass="6" fail="0">All Tests</stat>
</total>
<tag>
</tag>
<suite>
<stat pass="6" fail="0" id="s1" name="Testing Saucedemo">Testing Saucedemo</stat>
<stat pass="1" fail="0" id="s1-s1" name="003 Valid Login">Testing Saucedemo.003 Valid Login</stat>
<stat pass="4" fail="0" id="s1-s2" name="004 Order Item">Testing Saucedemo.004 Order Item</stat>
<stat pass="1" fail="0" id="s1-s3" name="005 Logout">Testing Saucedemo.005 Logout</stat>
</suite>
</statistics>
<errors>
</errors>
</robot>
